# JRE version: Java(TM) SE Runtime Environment (7.0_80-b15) (build 1.7.0_80-b15)
# Java VM: Java HotSpot(TM) 64-Bit Server VM (24.80-b11 mixed mode windows-amd64 compressed oops)
Heap
 PSYoungGen      total 512000K, used 9683K [0x00000000e0000000, 0x0000000100000000, 0x0000000100000000)
  eden space 498688K, 1% used [0x00000000e0000000,0x00000000e0974df0,0x00000000fe700000)
  from space 13312K, 0% used [0x00000000ff300000,0x00000000ff300000,0x0000000100000000)
  to   space 12288K, 0% used [0x00000000fe700000,0x00000000fe700000,0x00000000ff300000)
 ParOldGen       total 524288K, used 90426K [0x00000000c0000000, 0x00000000e0000000, 0x00000000e0000000)
  object space 524288K, 17% used [0x00000000c0000000,0x00000000c584eba0,0x00000000e0000000)
 PSPermGen       total 83968K, used 83965K [0x00000000bae00000, 0x00000000c0000000, 0x00000000c0000000)
  object space 83968K, 99% used [0x00000000bae00000,0x00000000bffff768,0x00000000c0000000)
GC Heap History (10 events):
Event: 678.297 GC heap before
{Heap before GC invocations=79 (full 31):
 PSYoungGen      total 509952K, used 0K [0x00000000e0000000, 0x0000000100000000, 0x0000000100000000)
  eden space 495104K, 0% used [0x00000000e0000000,0x00000000e0000000,0x00000000fe380000)
  from space 14848K, 0% used [0x00000000ff180000,0x00000000ff180000,0x0000000100000000)
  to   space 14336K, 0% used [0x00000000fe380000,0x00000000fe380000,0x00000000ff180000)
 ParOldGen       total 524288K, used 90514K [0x00000000c0000000, 0x00000000e0000000, 0x00000000e0000000)
  object space 524288K, 17% used [0x00000000c0000000,0x00000000c5864808,0x00000000e0000000)
 PSPermGen       total 83968K, used 83967K [0x00000000bae00000, 0x00000000c0000000, 0x00000000c0000000)
  object space 83968K, 99% used [0x00000000bae00000,0x00000000bfffffc8,0x00000000c0000000)
Event: 678.532 GC heap after
Heap after GC invocations=79 (full 31):
 PSYoungGen      total 509952K, used 0K [0x00000000e0000000, 0x0000000100000000, 0x0000000100000000)
  eden space 495104K, 0% used [0x00000000e0000000,0x00000000e0000000,0x00000000fe380000)
  from space 14848K, 0% used [0x00000000ff180000,0x00000000ff180000,0x0000000100000000)
  to   space 14336K, 0% used [0x00000000fe380000,0x00000000fe380000,0x00000000ff180000)
 ParOldGen       total 524288K, used 90470K [0x00000000c0000000, 0x00000000e0000000, 0x00000000e0000000)
  object space 524288K, 17% used [0x00000000c0000000,0x00000000c5859880,0x00000000e0000000)
 PSPermGen       total 83968K, used 83964K [0x00000000bae00000, 0x00000000c0000000, 0x00000000c0000000)
  object space 83968K, 99% used [0x00000000bae00000,0x00000000bffff3e8,0x00000000c0000000)
}
Event: 678.533 GC heap before
{Heap before GC invocations=80 (full 31):
 PSYoungGen      total 509952K, used 5611K [0x00000000e0000000, 0x0000000100000000, 0x0000000100000000)
  eden space 495104K, 1% used [0x00000000e0000000,0x00000000e057adb0,0x00000000fe380000)
  from space 14848K, 0% used [0x00000000ff180000,0x00000000ff180000,0x0000000100000000)
  to   space 14336K, 0% used [0x00000000fe380000,0x00000000fe380000,0x00000000ff180000)
 ParOldGen       total 524288K, used 90470K [0x00000000c0000000, 0x00000000e0000000, 0x00000000e0000000)
  object space 524288K, 17% used [0x00000000c0000000,0x00000000c5859880,0x00000000e0000000)
 PSPermGen       total 83968K, used 83965K [0x00000000bae00000, 0x00000000c0000000, 0x00000000c0000000)
  object space 83968K, 99% used [0x00000000bae00000,0x00000000bffff768,0x00000000c0000000)
Event: 678.536 GC heap after
Heap after GC invocations=80 (full 31):
 PSYoungGen      total 509440K, used 64K [0x00000000e0000000, 0x0000000100000000, 0x0000000100000000)
  eden space 495104K, 0% used [0x00000000e0000000,0x00000000e0000000,0x00000000fe380000)
  from space 14336K, 0% used [0x00000000fe380000,0x00000000fe390000,0x00000000ff180000)
  to   space 13312K, 0% used [0x00000000ff300000,0x00000000ff300000,0x0000000100000000)
 ParOldGen       total 524288K, used 90470K [0x00000000c0000000, 0x00000000e0000000, 0x00000000e0000000)
  object space 524288K, 17% used [0x00000000c0000000,0x00000000c5859880,0x00000000e0000000)
 PSPermGen       total 83968K, used 83965K [0x00000000bae00000, 0x00000000c0000000, 0x00000000c0000000)
  object space 83968K, 99% used [0x00000000bae00000,0x00000000bffff768,0x00000000c0000000)
}
Event: 678.536 GC heap before
{Heap before GC invocations=81 (full 32):
 PSYoungGen      total 509440K, used 64K [0x00000000e0000000, 0x0000000100000000, 0x0000000100000000)
  eden space 495104K, 0% used [0x00000000e0000000,0x00000000e0000000,0x00000000fe380000)
  from space 14336K, 0% used [0x00000000fe380000,0x00000000fe390000,0x00000000ff180000)
  to   space 13312K, 0% used [0x00000000ff300000,0x00000000ff300000,0x0000000100000000)
 ParOldGen       total 524288K, used 90470K [0x00000000c0000000, 0x00000000e0000000, 0x00000000e0000000)
  object space 524288K, 17% used [0x00000000c0000000,0x00000000c5859880,0x00000000e0000000)
 PSPermGen       total 83968K, used 83965K [0x00000000bae00000, 0x00000000c0000000, 0x00000000c0000000)
  object space 83968K, 99% used [0x00000000bae00000,0x00000000bffff768,0x00000000c0000000)
Event: 678.690 GC heap after
Heap after GC invocations=81 (full 32):
 PSYoungGen      total 509440K, used 0K [0x00000000e0000000, 0x0000000100000000, 0x0000000100000000)
  eden space 495104K, 0% used [0x00000000e0000000,0x00000000e0000000,0x00000000fe380000)
  from space 14336K, 0% used [0x00000000fe380000,0x00000000fe380000,0x00000000ff180000)
  to   space 13312K, 0% used [0x00000000ff300000,0x00000000ff300000,0x0000000100000000)
 ParOldGen       total 524288K, used 90426K [0x00000000c0000000, 0x00000000e0000000, 0x00000000e0000000)
  object space 524288K, 17% used [0x00000000c0000000,0x00000000c584eba0,0x00000000e0000000)
 PSPermGen       total 83968K, used 83965K [0x00000000bae00000, 0x00000000c0000000, 0x00000000c0000000)
  object space 83968K, 99% used [0x00000000bae00000,0x00000000bffff768,0x00000000c0000000)
}
Event: 678.690 GC heap before
{Heap before GC invocations=82 (full 32):
 PSYoungGen      total 509440K, used 0K [0x00000000e0000000, 0x0000000100000000, 0x0000000100000000)
  eden space 495104K, 0% used [0x00000000e0000000,0x00000000e0000000,0x00000000fe380000)
  from space 14336K, 0% used [0x00000000fe380000,0x00000000fe380000,0x00000000ff180000)
  to   space 13312K, 0% used [0x00000000ff300000,0x00000000ff300000,0x0000000100000000)
 ParOldGen       total 524288K, used 90426K [0x00000000c0000000, 0x00000000e0000000, 0x00000000e0000000)
  object space 524288K, 17% used [0x00000000c0000000,0x00000000c584eba0,0x00000000e0000000)
 PSPermGen       total 83968K, used 83965K [0x00000000bae00000, 0x00000000c0000000, 0x00000000c0000000)
  object space 83968K, 99% used [0x00000000bae00000,0x00000000bffff768,0x00000000c0000000)
Event: 678.695 GC heap after
Heap after GC invocations=82 (full 32):
 PSYoungGen      total 512000K, used 0K [0x00000000e0000000, 0x0000000100000000, 0x0000000100000000)
  eden space 498688K, 0% used [0x00000000e0000000,0x00000000e0000000,0x00000000fe700000)
  from space 13312K, 0% used [0x00000000ff300000,0x00000000ff300000,0x0000000100000000)
  to   space 12288K, 0% used [0x00000000fe700000,0x00000000fe700000,0x00000000ff300000)
 ParOldGen       total 524288K, used 90426K [0x00000000c0000000, 0x00000000e0000000, 0x00000000e0000000)
  object space 524288K, 17% used [0x00000000c0000000,0x00000000c584eba0,0x00000000e0000000)
 PSPermGen       total 83968K, used 83965K [0x00000000bae00000, 0x00000000c0000000, 0x00000000c0000000)
  object space 83968K, 99% used [0x00000000bae00000,0x00000000bffff768,0x00000000c0000000)
}
Event: 678.695 GC heap before
{Heap before GC invocations=83 (full 33):
 PSYoungGen      total 512000K, used 0K [0x00000000e0000000, 0x0000000100000000, 0x0000000100000000)
  eden space 498688K, 0% used [0x00000000e0000000,0x00000000e0000000,0x00000000fe700000)
  from space 13312K, 0% used [0x00000000ff300000,0x00000000ff300000,0x0000000100000000)
  to   space 12288K, 0% used [0x00000000fe700000,0x00000000fe700000,0x00000000ff300000)
 ParOldGen       total 524288K, used 90426K [0x00000000c0000000, 0x00000000e0000000, 0x00000000e0000000)
  object space 524288K, 17% used [0x00000000c0000000,0x00000000c584eba0,0x00000000e0000000)
 PSPermGen       total 83968K, used 83965K [0x00000000bae00000, 0x00000000c0000000, 0x00000000c0000000)
  object space 83968K, 99% used [0x00000000bae00000,0x00000000bffff768,0x00000000c0000000)
Event: 678.876 GC heap after
Heap after GC invocations=83 (full 33):
 PSYoungGen      total 512000K, used 0K [0x00000000e0000000, 0x0000000100000000, 0x0000000100000000)
  eden space 498688K, 0% used [0x00000000e0000000,0x00000000e0000000,0x00000000fe700000)
  from space 13312K, 0% used [0x00000000ff300000,0x00000000ff300000,0x0000000100000000)
  to   space 12288K, 0% used [0x00000000fe700000,0x00000000fe700000,0x00000000ff300000)
 ParOldGen       total 524288K, used 90426K [0x00000000c0000000, 0x00000000e0000000, 0x00000000e0000000)
  object space 524288K, 17% used [0x00000000c0000000,0x00000000c584eba0,0x00000000e0000000)
 PSPermGen       total 83968K, used 83965K [0x00000000bae00000, 0x00000000c0000000, 0x00000000c0000000)
  object space 83968K, 99% used [0x00000000bae00000,0x00000000bffff768,0x00000000c0000000)
}

