# JRE version: Java(TM) SE Runtime Environment (7.0_80-b15) (build 1.7.0_80-b15)
# Java VM: Java HotSpot(TM) 64-Bit Server VM (24.80-b11 mixed mode windows-amd64 compressed oops)
Heap
 PSYoungGen      total 498688K, used 4746K [0x00000000e0000000, 0x0000000100000000, 0x0000000100000000)
  eden space 474624K, 1% used [0x00000000e0000000,0x00000000e04a2908,0x00000000fcf80000)
  from space 24064K, 0% used [0x00000000fcf80000,0x00000000fcf80000,0x00000000fe700000)
  to   space 22528K, 0% used [0x00000000fea00000,0x00000000fea00000,0x0000000100000000)
 ParOldGen       total 524288K, used 95792K [0x00000000c0000000, 0x00000000e0000000, 0x00000000e0000000)
  object space 524288K, 18% used [0x00000000c0000000,0x00000000c5d8c3d0,0x00000000e0000000)
 PSPermGen       total 83968K, used 83967K [0x00000000bae00000, 0x00000000c0000000, 0x00000000c0000000)
  object space 83968K, 99% used [0x00000000bae00000,0x00000000bfffff18,0x00000000c0000000)
GC Heap History (10 events):
Event: 713.228 GC heap before
{Heap before GC invocations=63 (full 24):
 PSYoungGen      total 495616K, used 0K [0x00000000e0000000, 0x0000000100000000, 0x0000000100000000)
  eden space 468480K, 0% used [0x00000000e0000000,0x00000000e0000000,0x00000000fc980000)
  from space 27136K, 0% used [0x00000000fc980000,0x00000000fc980000,0x00000000fe400000)
  to   space 25600K, 0% used [0x00000000fe700000,0x00000000fe700000,0x0000000100000000)
 ParOldGen       total 524288K, used 96118K [0x00000000c0000000, 0x00000000e0000000, 0x00000000e0000000)
  object space 524288K, 18% used [0x00000000c0000000,0x00000000c5dddb00,0x00000000e0000000)
 PSPermGen       total 83968K, used 83967K [0x00000000bae00000, 0x00000000c0000000, 0x00000000c0000000)
  object space 83968K, 99% used [0x00000000bae00000,0x00000000bffffee0,0x00000000c0000000)
Event: 713.590 GC heap after
Heap after GC invocations=63 (full 24):
 PSYoungGen      total 495616K, used 0K [0x00000000e0000000, 0x0000000100000000, 0x0000000100000000)
  eden space 468480K, 0% used [0x00000000e0000000,0x00000000e0000000,0x00000000fc980000)
  from space 27136K, 0% used [0x00000000fc980000,0x00000000fc980000,0x00000000fe400000)
  to   space 25600K, 0% used [0x00000000fe700000,0x00000000fe700000,0x0000000100000000)
 ParOldGen       total 524288K, used 95865K [0x00000000c0000000, 0x00000000e0000000, 0x00000000e0000000)
  object space 524288K, 18% used [0x00000000c0000000,0x00000000c5d9e6a0,0x00000000e0000000)
 PSPermGen       total 83968K, used 83964K [0x00000000bae00000, 0x00000000c0000000, 0x00000000c0000000)
  object space 83968K, 99% used [0x00000000bae00000,0x00000000bffff300,0x00000000c0000000)
}
Event: 713.591 GC heap before
{Heap before GC invocations=64 (full 24):
 PSYoungGen      total 495616K, used 4684K [0x00000000e0000000, 0x0000000100000000, 0x0000000100000000)
  eden space 468480K, 1% used [0x00000000e0000000,0x00000000e0493390,0x00000000fc980000)
  from space 27136K, 0% used [0x00000000fc980000,0x00000000fc980000,0x00000000fe400000)
  to   space 25600K, 0% used [0x00000000fe700000,0x00000000fe700000,0x0000000100000000)
 ParOldGen       total 524288K, used 95865K [0x00000000c0000000, 0x00000000e0000000, 0x00000000e0000000)
  object space 524288K, 18% used [0x00000000c0000000,0x00000000c5d9e6a0,0x00000000e0000000)
 PSPermGen       total 83968K, used 83967K [0x00000000bae00000, 0x00000000c0000000, 0x00000000c0000000)
  object space 83968K, 99% used [0x00000000bae00000,0x00000000bfffff18,0x00000000c0000000)
Event: 713.596 GC heap after
Heap after GC invocations=64 (full 24):
 PSYoungGen      total 500224K, used 64K [0x00000000e0000000, 0x0000000100000000, 0x0000000100000000)
  eden space 474624K, 0% used [0x00000000e0000000,0x00000000e0000000,0x00000000fcf80000)
  from space 25600K, 0% used [0x00000000fe700000,0x00000000fe710000,0x0000000100000000)
  to   space 24064K, 0% used [0x00000000fcf80000,0x00000000fcf80000,0x00000000fe700000)
 ParOldGen       total 524288K, used 95865K [0x00000000c0000000, 0x00000000e0000000, 0x00000000e0000000)
  object space 524288K, 18% used [0x00000000c0000000,0x00000000c5d9e6a0,0x00000000e0000000)
 PSPermGen       total 83968K, used 83967K [0x00000000bae00000, 0x00000000c0000000, 0x00000000c0000000)
  object space 83968K, 99% used [0x00000000bae00000,0x00000000bfffff18,0x00000000c0000000)
}
Event: 713.596 GC heap before
{Heap before GC invocations=65 (full 25):
 PSYoungGen      total 500224K, used 64K [0x00000000e0000000, 0x0000000100000000, 0x0000000100000000)
  eden space 474624K, 0% used [0x00000000e0000000,0x00000000e0000000,0x00000000fcf80000)
  from space 25600K, 0% used [0x00000000fe700000,0x00000000fe710000,0x0000000100000000)
  to   space 24064K, 0% used [0x00000000fcf80000,0x00000000fcf80000,0x00000000fe700000)
 ParOldGen       total 524288K, used 95865K [0x00000000c0000000, 0x00000000e0000000, 0x00000000e0000000)
  object space 524288K, 18% used [0x00000000c0000000,0x00000000c5d9e6a0,0x00000000e0000000)
 PSPermGen       total 83968K, used 83967K [0x00000000bae00000, 0x00000000c0000000, 0x00000000c0000000)
  object space 83968K, 99% used [0x00000000bae00000,0x00000000bfffff18,0x00000000c0000000)
Event: 713.759 GC heap after
Heap after GC invocations=65 (full 25):
 PSYoungGen      total 500224K, used 0K [0x00000000e0000000, 0x0000000100000000, 0x0000000100000000)
  eden space 474624K, 0% used [0x00000000e0000000,0x00000000e0000000,0x00000000fcf80000)
  from space 25600K, 0% used [0x00000000fe700000,0x00000000fe700000,0x0000000100000000)
  to   space 24064K, 0% used [0x00000000fcf80000,0x00000000fcf80000,0x00000000fe700000)
 ParOldGen       total 524288K, used 95793K [0x00000000c0000000, 0x00000000e0000000, 0x00000000e0000000)
  object space 524288K, 18% used [0x00000000c0000000,0x00000000c5d8c440,0x00000000e0000000)
 PSPermGen       total 83968K, used 83967K [0x00000000bae00000, 0x00000000c0000000, 0x00000000c0000000)
  object space 83968K, 99% used [0x00000000bae00000,0x00000000bfffff18,0x00000000c0000000)
}
Event: 713.759 GC heap before
{Heap before GC invocations=66 (full 25):
 PSYoungGen      total 500224K, used 0K [0x00000000e0000000, 0x0000000100000000, 0x0000000100000000)
  eden space 474624K, 0% used [0x00000000e0000000,0x00000000e0000000,0x00000000fcf80000)
  from space 25600K, 0% used [0x00000000fe700000,0x00000000fe700000,0x0000000100000000)
  to   space 24064K, 0% used [0x00000000fcf80000,0x00000000fcf80000,0x00000000fe700000)
 ParOldGen       total 524288K, used 95793K [0x00000000c0000000, 0x00000000e0000000, 0x00000000e0000000)
  object space 524288K, 18% used [0x00000000c0000000,0x00000000c5d8c440,0x00000000e0000000)
 PSPermGen       total 83968K, used 83967K [0x00000000bae00000, 0x00000000c0000000, 0x00000000c0000000)
  object space 83968K, 99% used [0x00000000bae00000,0x00000000bfffff18,0x00000000c0000000)
Event: 713.762 GC heap after
Heap after GC invocations=66 (full 25):
 PSYoungGen      total 498688K, used 0K [0x00000000e0000000, 0x0000000100000000, 0x0000000100000000)
  eden space 474624K, 0% used [0x00000000e0000000,0x00000000e0000000,0x00000000fcf80000)
  from space 24064K, 0% used [0x00000000fcf80000,0x00000000fcf80000,0x00000000fe700000)
  to   space 22528K, 0% used [0x00000000fea00000,0x00000000fea00000,0x0000000100000000)
 ParOldGen       total 524288K, used 95793K [0x00000000c0000000, 0x00000000e0000000, 0x00000000e0000000)
  object space 524288K, 18% used [0x00000000c0000000,0x00000000c5d8c440,0x00000000e0000000)
 PSPermGen       total 83968K, used 83967K [0x00000000bae00000, 0x00000000c0000000, 0x00000000c0000000)
  object space 83968K, 99% used [0x00000000bae00000,0x00000000bfffff18,0x00000000c0000000)
}
Event: 713.762 GC heap before
{Heap before GC invocations=67 (full 26):
 PSYoungGen      total 498688K, used 0K [0x00000000e0000000, 0x0000000100000000, 0x0000000100000000)
  eden space 474624K, 0% used [0x00000000e0000000,0x00000000e0000000,0x00000000fcf80000)
  from space 24064K, 0% used [0x00000000fcf80000,0x00000000fcf80000,0x00000000fe700000)
  to   space 22528K, 0% used [0x00000000fea00000,0x00000000fea00000,0x0000000100000000)
 ParOldGen       total 524288K, used 95793K [0x00000000c0000000, 0x00000000e0000000, 0x00000000e0000000)
  object space 524288K, 18% used [0x00000000c0000000,0x00000000c5d8c440,0x00000000e0000000)
 PSPermGen       total 83968K, used 83967K [0x00000000bae00000, 0x00000000c0000000, 0x00000000c0000000)
  object space 83968K, 99% used [0x00000000bae00000,0x00000000bfffff18,0x00000000c0000000)
Event: 713.933 GC heap after
Heap after GC invocations=67 (full 26):
 PSYoungGen      total 498688K, used 0K [0x00000000e0000000, 0x0000000100000000, 0x0000000100000000)
  eden space 474624K, 0% used [0x00000000e0000000,0x00000000e0000000,0x00000000fcf80000)
  from space 24064K, 0% used [0x00000000fcf80000,0x00000000fcf80000,0x00000000fe700000)
  to   space 22528K, 0% used [0x00000000fea00000,0x00000000fea00000,0x0000000100000000)
 ParOldGen       total 524288K, used 95792K [0x00000000c0000000, 0x00000000e0000000, 0x00000000e0000000)
  object space 524288K, 18% used [0x00000000c0000000,0x00000000c5d8c3d0,0x00000000e0000000)
 PSPermGen       total 83968K, used 83967K [0x00000000bae00000, 0x00000000c0000000, 0x00000000c0000000)
  object space 83968K, 99% used [0x00000000bae00000,0x00000000bfffff18,0x00000000c0000000)
}

