# JRE version: Java(TM) SE Runtime Environment (7.0_80-b15) (build 1.7.0_80-b15)
# Java VM: Java HotSpot(TM) 64-Bit Server VM (24.80-b11 mixed mode windows-amd64 compressed oops)
Heap
 PSYoungGen      total 765952K, used 14723K [0x00000007c0600000, 0x00000007f0f80000, 0x0000000800000000)
  eden space 736256K, 1% used [0x00000007c0600000,0x00000007c1460f78,0x00000007ed500000)
  from space 29696K, 0% used [0x00000007ed500000,0x00000007ed500000,0x00000007ef200000)
  to   space 27648K, 0% used [0x00000007ef480000,0x00000007ef480000,0x00000007f0f80000)
 ParOldGen       total 2084864K, used 108921K [0x0000000741200000, 0x00000007c0600000, 0x00000007c0600000)
  object space 2084864K, 5% used [0x0000000741200000,0x0000000747c5e4e0,0x00000007c0600000)
 PSPermGen       total 83968K, used 83966K [0x000000073c000000, 0x0000000741200000, 0x0000000741200000)
  object space 83968K, 99% used [0x000000073c000000,0x00000007411ffbe8,0x0000000741200000)
GC Heap History (10 events):
Event: 717.244 GC heap before
{Heap before GC invocations=56 (full 21):
 PSYoungGen      total 764416K, used 0K [0x00000007c0600000, 0x00000007f1300000, 0x0000000800000000)
  eden space 731648K, 0% used [0x00000007c0600000,0x00000007c0600000,0x00000007ed080000)
  from space 32768K, 0% used [0x00000007ed080000,0x00000007ed080000,0x00000007ef080000)
  to   space 31232K, 0% used [0x00000007ef480000,0x00000007ef480000,0x00000007f1300000)
 ParOldGen       total 2084864K, used 109706K [0x0000000741200000, 0x00000007c0600000, 0x00000007c0600000)
  object space 2084864K, 5% used [0x0000000741200000,0x0000000747d22be0,0x00000007c0600000)
 PSPermGen       total 83968K, used 83967K [0x000000073c000000, 0x0000000741200000, 0x0000000741200000)
  object space 83968K, 99% used [0x000000073c000000,0x00000007411ffff0,0x0000000741200000)
Event: 717.675 GC heap after
Heap after GC invocations=56 (full 21):
 PSYoungGen      total 764416K, used 0K [0x00000007c0600000, 0x00000007f1300000, 0x0000000800000000)
  eden space 731648K, 0% used [0x00000007c0600000,0x00000007c0600000,0x00000007ed080000)
  from space 32768K, 0% used [0x00000007ed080000,0x00000007ed080000,0x00000007ef080000)
  to   space 31232K, 0% used [0x00000007ef480000,0x00000007ef480000,0x00000007f1300000)
 ParOldGen       total 2084864K, used 109297K [0x0000000741200000, 0x00000007c0600000, 0x00000007c0600000)
  object space 2084864K, 5% used [0x0000000741200000,0x0000000747cbc788,0x00000007c0600000)
 PSPermGen       total 83968K, used 83956K [0x000000073c000000, 0x0000000741200000, 0x0000000741200000)
  object space 83968K, 99% used [0x000000073c000000,0x00000007411fd070,0x0000000741200000)
}
Event: 717.675 GC heap before
{Heap before GC invocations=57 (full 21):
 PSYoungGen      total 764416K, used 12603K [0x00000007c0600000, 0x00000007f1300000, 0x0000000800000000)
  eden space 731648K, 1% used [0x00000007c0600000,0x00000007c124efd8,0x00000007ed080000)
  from space 32768K, 0% used [0x00000007ed080000,0x00000007ed080000,0x00000007ef080000)
  to   space 31232K, 0% used [0x00000007ef480000,0x00000007ef480000,0x00000007f1300000)
 ParOldGen       total 2084864K, used 109297K [0x0000000741200000, 0x00000007c0600000, 0x00000007c0600000)
  object space 2084864K, 5% used [0x0000000741200000,0x0000000747cbc788,0x00000007c0600000)
 PSPermGen       total 83968K, used 83966K [0x000000073c000000, 0x0000000741200000, 0x0000000741200000)
  object space 83968K, 99% used [0x000000073c000000,0x00000007411ffbe8,0x0000000741200000)
Event: 717.679 GC heap after
Heap after GC invocations=57 (full 21):
 PSYoungGen      total 763392K, used 64K [0x00000007c0600000, 0x00000007f0f00000, 0x0000000800000000)
  eden space 736256K, 0% used [0x00000007c0600000,0x00000007c0600000,0x00000007ed500000)
  from space 27136K, 0% used [0x00000007ef480000,0x00000007ef490000,0x00000007f0f00000)
  to   space 29696K, 0% used [0x00000007ed500000,0x00000007ed500000,0x00000007ef200000)
 ParOldGen       total 2084864K, used 109297K [0x0000000741200000, 0x00000007c0600000, 0x00000007c0600000)
  object space 2084864K, 5% used [0x0000000741200000,0x0000000747cbc788,0x00000007c0600000)
 PSPermGen       total 83968K, used 83966K [0x000000073c000000, 0x0000000741200000, 0x0000000741200000)
  object space 83968K, 99% used [0x000000073c000000,0x00000007411ffbe8,0x0000000741200000)
}
Event: 717.679 GC heap before
{Heap before GC invocations=58 (full 22):
 PSYoungGen      total 763392K, used 64K [0x00000007c0600000, 0x00000007f0f00000, 0x0000000800000000)
  eden space 736256K, 0% used [0x00000007c0600000,0x00000007c0600000,0x00000007ed500000)
  from space 27136K, 0% used [0x00000007ef480000,0x00000007ef490000,0x00000007f0f00000)
  to   space 29696K, 0% used [0x00000007ed500000,0x00000007ed500000,0x00000007ef200000)
 ParOldGen       total 2084864K, used 109297K [0x0000000741200000, 0x00000007c0600000, 0x00000007c0600000)
  object space 2084864K, 5% used [0x0000000741200000,0x0000000747cbc788,0x00000007c0600000)
 PSPermGen       total 83968K, used 83966K [0x000000073c000000, 0x0000000741200000, 0x0000000741200000)
  object space 83968K, 99% used [0x000000073c000000,0x00000007411ffbe8,0x0000000741200000)
Event: 717.837 GC heap after
Heap after GC invocations=58 (full 22):
 PSYoungGen      total 763392K, used 0K [0x00000007c0600000, 0x00000007f0f00000, 0x0000000800000000)
  eden space 736256K, 0% used [0x00000007c0600000,0x00000007c0600000,0x00000007ed500000)
  from space 27136K, 0% used [0x00000007ef480000,0x00000007ef480000,0x00000007f0f00000)
  to   space 29696K, 0% used [0x00000007ed500000,0x00000007ed500000,0x00000007ef200000)
 ParOldGen       total 2084864K, used 108921K [0x0000000741200000, 0x00000007c0600000, 0x00000007c0600000)
  object space 2084864K, 5% used [0x0000000741200000,0x0000000747c5e4e0,0x00000007c0600000)
 PSPermGen       total 83968K, used 83966K [0x000000073c000000, 0x0000000741200000, 0x0000000741200000)
  object space 83968K, 99% used [0x000000073c000000,0x00000007411ffbe8,0x0000000741200000)
}
Event: 717.838 GC heap before
{Heap before GC invocations=59 (full 22):
 PSYoungGen      total 763392K, used 0K [0x00000007c0600000, 0x00000007f0f00000, 0x0000000800000000)
  eden space 736256K, 0% used [0x00000007c0600000,0x00000007c0600000,0x00000007ed500000)
  from space 27136K, 0% used [0x00000007ef480000,0x00000007ef480000,0x00000007f0f00000)
  to   space 29696K, 0% used [0x00000007ed500000,0x00000007ed500000,0x00000007ef200000)
 ParOldGen       total 2084864K, used 108921K [0x0000000741200000, 0x00000007c0600000, 0x00000007c0600000)
  object space 2084864K, 5% used [0x0000000741200000,0x0000000747c5e4e0,0x00000007c0600000)
 PSPermGen       total 83968K, used 83966K [0x000000073c000000, 0x0000000741200000, 0x0000000741200000)
  object space 83968K, 99% used [0x000000073c000000,0x00000007411ffbe8,0x0000000741200000)
Event: 717.841 GC heap after
Heap after GC invocations=59 (full 22):
 PSYoungGen      total 765952K, used 0K [0x00000007c0600000, 0x00000007f0f80000, 0x0000000800000000)
  eden space 736256K, 0% used [0x00000007c0600000,0x00000007c0600000,0x00000007ed500000)
  from space 29696K, 0% used [0x00000007ed500000,0x00000007ed500000,0x00000007ef200000)
  to   space 27648K, 0% used [0x00000007ef480000,0x00000007ef480000,0x00000007f0f80000)
 ParOldGen       total 2084864K, used 108921K [0x0000000741200000, 0x00000007c0600000, 0x00000007c0600000)
  object space 2084864K, 5% used [0x0000000741200000,0x0000000747c5e4e0,0x00000007c0600000)
 PSPermGen       total 83968K, used 83966K [0x000000073c000000, 0x0000000741200000, 0x0000000741200000)
  object space 83968K, 99% used [0x000000073c000000,0x00000007411ffbe8,0x0000000741200000)
}
Event: 717.841 GC heap before
{Heap before GC invocations=60 (full 23):
 PSYoungGen      total 765952K, used 0K [0x00000007c0600000, 0x00000007f0f80000, 0x0000000800000000)
  eden space 736256K, 0% used [0x00000007c0600000,0x00000007c0600000,0x00000007ed500000)
  from space 29696K, 0% used [0x00000007ed500000,0x00000007ed500000,0x00000007ef200000)
  to   space 27648K, 0% used [0x00000007ef480000,0x00000007ef480000,0x00000007f0f80000)
 ParOldGen       total 2084864K, used 108921K [0x0000000741200000, 0x00000007c0600000, 0x00000007c0600000)
  object space 2084864K, 5% used [0x0000000741200000,0x0000000747c5e4e0,0x00000007c0600000)
 PSPermGen       total 83968K, used 83966K [0x000000073c000000, 0x0000000741200000, 0x0000000741200000)
  object space 83968K, 99% used [0x000000073c000000,0x00000007411ffbe8,0x0000000741200000)
Event: 718.003 GC heap after
Heap after GC invocations=60 (full 23):
 PSYoungGen      total 765952K, used 0K [0x00000007c0600000, 0x00000007f0f80000, 0x0000000800000000)
  eden space 736256K, 0% used [0x00000007c0600000,0x00000007c0600000,0x00000007ed500000)
  from space 29696K, 0% used [0x00000007ed500000,0x00000007ed500000,0x00000007ef200000)
  to   space 27648K, 0% used [0x00000007ef480000,0x00000007ef480000,0x00000007f0f80000)
 ParOldGen       total 2084864K, used 108921K [0x0000000741200000, 0x00000007c0600000, 0x00000007c0600000)
  object space 2084864K, 5% used [0x0000000741200000,0x0000000747c5e4e0,0x00000007c0600000)
 PSPermGen       total 83968K, used 83966K [0x000000073c000000, 0x0000000741200000, 0x0000000741200000)
  object space 83968K, 99% used [0x000000073c000000,0x00000007411ffbe8,0x0000000741200000)
}

