# JRE version: Java(TM) SE Runtime Environment (7.0_80-b15) (build 1.7.0_80-b15)
# Java VM: Java HotSpot(TM) 64-Bit Server VM (24.80-b11 mixed mode windows-amd64 compressed oops)
Heap
 PSYoungGen      total 759296K, used 5023K [0x00000007c0600000, 0x00000007f0f00000, 0x0000000800000000)
  eden space 723968K, 0% used [0x00000007c0600000,0x00000007c0ae7d08,0x00000007ec900000)
  from space 35328K, 0% used [0x00000007ec900000,0x00000007ec900000,0x00000007eeb80000)
  to   space 33792K, 0% used [0x00000007eee00000,0x00000007eee00000,0x00000007f0f00000)
 ParOldGen       total 2084864K, used 98007K [0x0000000741200000, 0x00000007c0600000, 0x00000007c0600000)
  object space 2084864K, 4% used [0x0000000741200000,0x00000007471b5ee8,0x00000007c0600000)
 PSPermGen       total 83968K, used 83965K [0x000000073c000000, 0x0000000741200000, 0x0000000741200000)
  object space 83968K, 99% used [0x000000073c000000,0x00000007411ff520,0x0000000741200000)
GC Heap History (10 events):
Event: 446.553 GC heap before
{Heap before GC invocations=44 (full 15):
 PSYoungGen      total 757248K, used 0K [0x00000007c0600000, 0x00000007f1200000, 0x0000000800000000)
  eden space 718848K, 0% used [0x00000007c0600000,0x00000007c0600000,0x00000007ec400000)
  from space 38400K, 0% used [0x00000007ec400000,0x00000007ec400000,0x00000007ee980000)
  to   space 36864K, 0% used [0x00000007eee00000,0x00000007eee00000,0x00000007f1200000)
 ParOldGen       total 1693184K, used 98882K [0x0000000741200000, 0x00000007a8780000, 0x00000007c0600000)
  object space 1693184K, 5% used [0x0000000741200000,0x00000007472908d8,0x00000007a8780000)
 PSPermGen       total 83968K, used 83967K [0x000000073c000000, 0x0000000741200000, 0x0000000741200000)
  object space 83968K, 99% used [0x000000073c000000,0x00000007411ffe10,0x0000000741200000)
Event: 446.912 GC heap after
Heap after GC invocations=44 (full 15):
 PSYoungGen      total 757248K, used 0K [0x00000007c0600000, 0x00000007f1200000, 0x0000000800000000)
  eden space 718848K, 0% used [0x00000007c0600000,0x00000007c0600000,0x00000007ec400000)
  from space 38400K, 0% used [0x00000007ec400000,0x00000007ec400000,0x00000007ee980000)
  to   space 36864K, 0% used [0x00000007eee00000,0x00000007eee00000,0x00000007f1200000)
 ParOldGen       total 2080768K, used 98830K [0x0000000741200000, 0x00000007c0200000, 0x00000007c0600000)
  object space 2080768K, 4% used [0x0000000741200000,0x00000007472839f8,0x00000007c0200000)
 PSPermGen       total 83968K, used 83964K [0x000000073c000000, 0x0000000741200000, 0x0000000741200000)
  object space 83968K, 99% used [0x000000073c000000,0x00000007411ff230,0x0000000741200000)
}
Event: 446.913 GC heap before
{Heap before GC invocations=45 (full 15):
 PSYoungGen      total 757248K, used 12488K [0x00000007c0600000, 0x00000007f1200000, 0x0000000800000000)
  eden space 718848K, 1% used [0x00000007c0600000,0x00000007c12321a8,0x00000007ec400000)
  from space 38400K, 0% used [0x00000007ec400000,0x00000007ec400000,0x00000007ee980000)
  to   space 36864K, 0% used [0x00000007eee00000,0x00000007eee00000,0x00000007f1200000)
 ParOldGen       total 2080768K, used 98830K [0x0000000741200000, 0x00000007c0200000, 0x00000007c0600000)
  object space 2080768K, 4% used [0x0000000741200000,0x00000007472839f8,0x00000007c0200000)
 PSPermGen       total 83968K, used 83965K [0x000000073c000000, 0x0000000741200000, 0x0000000741200000)
  object space 83968K, 99% used [0x000000073c000000,0x00000007411ff520,0x0000000741200000)
Event: 446.916 GC heap after
Heap after GC invocations=45 (full 15):
 PSYoungGen      total 756736K, used 64K [0x00000007c0600000, 0x00000007f0e00000, 0x0000000800000000)
  eden space 723968K, 0% used [0x00000007c0600000,0x00000007c0600000,0x00000007ec900000)
  from space 32768K, 0% used [0x00000007eee00000,0x00000007eee10000,0x00000007f0e00000)
  to   space 35328K, 0% used [0x00000007ec900000,0x00000007ec900000,0x00000007eeb80000)
 ParOldGen       total 2080768K, used 98830K [0x0000000741200000, 0x00000007c0200000, 0x00000007c0600000)
  object space 2080768K, 4% used [0x0000000741200000,0x00000007472839f8,0x00000007c0200000)
 PSPermGen       total 83968K, used 83965K [0x000000073c000000, 0x0000000741200000, 0x0000000741200000)
  object space 83968K, 99% used [0x000000073c000000,0x00000007411ff520,0x0000000741200000)
}
Event: 446.916 GC heap before
{Heap before GC invocations=46 (full 16):
 PSYoungGen      total 756736K, used 64K [0x00000007c0600000, 0x00000007f0e00000, 0x0000000800000000)
  eden space 723968K, 0% used [0x00000007c0600000,0x00000007c0600000,0x00000007ec900000)
  from space 32768K, 0% used [0x00000007eee00000,0x00000007eee10000,0x00000007f0e00000)
  to   space 35328K, 0% used [0x00000007ec900000,0x00000007ec900000,0x00000007eeb80000)
 ParOldGen       total 2080768K, used 98830K [0x0000000741200000, 0x00000007c0200000, 0x00000007c0600000)
  object space 2080768K, 4% used [0x0000000741200000,0x00000007472839f8,0x00000007c0200000)
 PSPermGen       total 83968K, used 83965K [0x000000073c000000, 0x0000000741200000, 0x0000000741200000)
  object space 83968K, 99% used [0x000000073c000000,0x00000007411ff520,0x0000000741200000)
Event: 447.066 GC heap after
Heap after GC invocations=46 (full 16):
 PSYoungGen      total 756736K, used 0K [0x00000007c0600000, 0x00000007f0e00000, 0x0000000800000000)
  eden space 723968K, 0% used [0x00000007c0600000,0x00000007c0600000,0x00000007ec900000)
  from space 32768K, 0% used [0x00000007eee00000,0x00000007eee00000,0x00000007f0e00000)
  to   space 35328K, 0% used [0x00000007ec900000,0x00000007ec900000,0x00000007eeb80000)
 ParOldGen       total 2084864K, used 98008K [0x0000000741200000, 0x00000007c0600000, 0x00000007c0600000)
  object space 2084864K, 4% used [0x0000000741200000,0x00000007471b6038,0x00000007c0600000)
 PSPermGen       total 83968K, used 83965K [0x000000073c000000, 0x0000000741200000, 0x0000000741200000)
  object space 83968K, 99% used [0x000000073c000000,0x00000007411ff520,0x0000000741200000)
}
Event: 447.066 GC heap before
{Heap before GC invocations=47 (full 16):
 PSYoungGen      total 756736K, used 0K [0x00000007c0600000, 0x00000007f0e00000, 0x0000000800000000)
  eden space 723968K, 0% used [0x00000007c0600000,0x00000007c0600000,0x00000007ec900000)
  from space 32768K, 0% used [0x00000007eee00000,0x00000007eee00000,0x00000007f0e00000)
  to   space 35328K, 0% used [0x00000007ec900000,0x00000007ec900000,0x00000007eeb80000)
 ParOldGen       total 2084864K, used 98008K [0x0000000741200000, 0x00000007c0600000, 0x00000007c0600000)
  object space 2084864K, 4% used [0x0000000741200000,0x00000007471b6038,0x00000007c0600000)
 PSPermGen       total 83968K, used 83965K [0x000000073c000000, 0x0000000741200000, 0x0000000741200000)
  object space 83968K, 99% used [0x000000073c000000,0x00000007411ff520,0x0000000741200000)
Event: 447.069 GC heap after
Heap after GC invocations=47 (full 16):
 PSYoungGen      total 759296K, used 0K [0x00000007c0600000, 0x00000007f0f00000, 0x0000000800000000)
  eden space 723968K, 0% used [0x00000007c0600000,0x00000007c0600000,0x00000007ec900000)
  from space 35328K, 0% used [0x00000007ec900000,0x00000007ec900000,0x00000007eeb80000)
  to   space 33792K, 0% used [0x00000007eee00000,0x00000007eee00000,0x00000007f0f00000)
 ParOldGen       total 2084864K, used 98008K [0x0000000741200000, 0x00000007c0600000, 0x00000007c0600000)
  object space 2084864K, 4% used [0x0000000741200000,0x00000007471b6038,0x00000007c0600000)
 PSPermGen       total 83968K, used 83965K [0x000000073c000000, 0x0000000741200000, 0x0000000741200000)
  object space 83968K, 99% used [0x000000073c000000,0x00000007411ff520,0x0000000741200000)
}
Event: 447.069 GC heap before
{Heap before GC invocations=48 (full 17):
 PSYoungGen      total 759296K, used 0K [0x00000007c0600000, 0x00000007f0f00000, 0x0000000800000000)
  eden space 723968K, 0% used [0x00000007c0600000,0x00000007c0600000,0x00000007ec900000)
  from space 35328K, 0% used [0x00000007ec900000,0x00000007ec900000,0x00000007eeb80000)
  to   space 33792K, 0% used [0x00000007eee00000,0x00000007eee00000,0x00000007f0f00000)
 ParOldGen       total 2084864K, used 98008K [0x0000000741200000, 0x00000007c0600000, 0x00000007c0600000)
  object space 2084864K, 4% used [0x0000000741200000,0x00000007471b6038,0x00000007c0600000)
 PSPermGen       total 83968K, used 83965K [0x000000073c000000, 0x0000000741200000, 0x0000000741200000)
  object space 83968K, 99% used [0x000000073c000000,0x00000007411ff520,0x0000000741200000)
Event: 447.402 GC heap after
Heap after GC invocations=48 (full 17):
 PSYoungGen      total 759296K, used 0K [0x00000007c0600000, 0x00000007f0f00000, 0x0000000800000000)
  eden space 723968K, 0% used [0x00000007c0600000,0x00000007c0600000,0x00000007ec900000)
  from space 35328K, 0% used [0x00000007ec900000,0x00000007ec900000,0x00000007eeb80000)
  to   space 33792K, 0% used [0x00000007eee00000,0x00000007eee00000,0x00000007f0f00000)
 ParOldGen       total 2084864K, used 98007K [0x0000000741200000, 0x00000007c0600000, 0x00000007c0600000)
  object space 2084864K, 4% used [0x0000000741200000,0x00000007471b5ee8,0x00000007c0600000)
 PSPermGen       total 83968K, used 83965K [0x000000073c000000, 0x0000000741200000, 0x0000000741200000)
  object space 83968K, 99% used [0x000000073c000000,0x00000007411ff520,0x0000000741200000)
}

